d:\17ci0414\180518mochi03\debug\vc141.pdb
d:\17ci0414\180518mochi03\debug\vc141.idb
d:\17ci0414\180518mochi03\debug\objmaneger.obj
d:\17ci0414\180518mochi03\debug\mypg.obj
d:\17ci0414\180518mochi03\debug\mylib.obj
d:\17ci0414\180518mochi03\debug\mapbox.obj
d:\17ci0414\180518mochi03\debug\gameengine_ver3_7.obj
d:\17ci0414\180518mochi03\debug\door.obj
d:\17ci0414\180518mochi03\debug\di2014_ver3_4.obj
d:\17ci0414\180518mochi03\debug\dg2014_vertexcontainer.obj
d:\17ci0414\180518mochi03\debug\dg2014_vertexbuffer.obj
d:\17ci0414\180518mochi03\debug\dg2014_ver3_51.obj
d:\17ci0414\180518mochi03\debug\dg2014_texture.obj
d:\17ci0414\180518mochi03\debug\dg2014_meshsobfile.obj
d:\17ci0414\180518mochi03\debug\dg2014_mesh.obj
d:\17ci0414\180518mochi03\debug\dg2014_inputlayout.obj
d:\17ci0414\180518mochi03\debug\dg2014_indexbuffer.obj
d:\17ci0414\180518mochi03\debug\dg2014_image.obj
d:\17ci0414\180518mochi03\debug\dg2014_font.obj
d:\17ci0414\180518mochi03\debug\dg2014_effect.obj
d:\17ci0414\180518mochi03\debug\dg2014_dgobject.obj
d:\17ci0414\180518mochi03\debug\breaker.obj
d:\17ci0414\180518mochi03\debug\xnacollision.obj
d:\17ci0414\180518mochi03\debug\winmain.obj
d:\17ci0414\180518mochi03\debug\task_title.obj
d:\17ci0414\180518mochi03\debug\task_player.obj
d:\17ci0414\180518mochi03\debug\task_map.obj
d:\17ci0414\180518mochi03\debug\task_game.obj
d:\17ci0414\180518mochi03\debug\task_door.obj
d:\17ci0414\180518mochi03\debug\task_camera.obj
d:\17ci0414\180518mochi03\debug\task_breaker.obj
d:\17ci0414\180518mochi03\debug\gpg.exe
d:\17ci0414\180518mochi03\debug\gpg.ilk
d:\17ci0414\180518mochi03\debug\gpg.pdb
d:\17ci0414\180518mochi03\debug\gpg.tlog\cl.command.1.tlog
d:\17ci0414\180518mochi03\debug\gpg.tlog\cl.read.1.tlog
d:\17ci0414\180518mochi03\debug\gpg.tlog\cl.write.1.tlog
d:\17ci0414\180518mochi03\debug\gpg.tlog\link.command.1.tlog
d:\17ci0414\180518mochi03\debug\gpg.tlog\link.read.1.tlog
d:\17ci0414\180518mochi03\debug\gpg.tlog\link.write.1.tlog
