  Bone.cpp
  Breaker.cpp
  ChaseSystem.cpp
  Cube.cpp
  DG2014_DGObject.cpp
  DG2014_Effect.cpp
  DG2014_Font.cpp
  DG2014_Image.cpp
  DG2014_IndexBuffer.cpp
  DG2014_InputLayout.cpp
  DG2014_Mesh.cpp
  DG2014_MeshSOBFile.cpp
  DG2014_Texture.cpp
  DG2014_Ver3_51.cpp
  DG2014_VertexBuffer.cpp
  DG2014_VertexContainer.cpp
  DI2014_Ver3_4.cpp
  Dm2008_Ver1_3.cpp
  Door.cpp
  easing.cpp
  コンパイル中...
  GameEngine_Ver3_7.cpp
  Joint.cpp
  MapBox.cpp
  MapObject.cpp
  Motion.cpp
  myLib.cpp
  MyMath.cpp
  MyPG.cpp
  ObjManeger.cpp
  Routine.cpp
  Shape.cpp
  Tablet.cpp
  Task_Aim.cpp
  Task_Breaker.cpp
  Task_Camera.cpp
  Task_Door.cpp
  Task_Enemy.cpp
  Task_Game.cpp
  Task_GameClear.cpp
  Task_GameOver.cpp
  コンパイル中...
  Task_JecLogo.cpp
  Task_LampBase.cpp
  Task_LampGlass.cpp
  Task_Map.cpp
  Task_MiniMap.cpp
  Task_NowLoading.cpp
  Task_Player.cpp
  Task_Title.cpp
  WinMain.cpp
  xnacollision.cpp
  コード生成しています。
  All 6886 functions were compiled because no usable IPDB/IOBJ from previous compilation was found.
  コード生成が終了しました。
  GPG.vcxproj -> C:\Users\yuuya\Desktop\teamProject\Release\GPG.exe
